2024-12-05 00:07:39,320 darkfos  Старт логирования
2024-12-05 00:12:05,655 darkfos  Старт логирования
2024-12-05 00:13:54,599 darkfos  Старт логирования
2024-12-05 00:13:56,808 darkfos  Получение предмета=Дух воды
2024-12-05 00:15:01,166 darkfos  Получение предмета=Дух воды
2024-12-05 00:18:40,958 darkfos  MARKET: Получение предмета=Дух воды
2024-12-05 00:18:50,015 darkfos  CSMONEY: Получение предмета = фы
2024-12-07 06:37:47,786 darkfos  MARKET: Получение предмета=Red
2024-12-07 06:38:12,094 darkfos  MARKET: Получение предмета=Red Line
2024-12-07 06:38:20,504 darkfos  CSMONEY: Получение предмета = Red Line
2024-12-07 12:32:37,591 darkfos  MARKET: Получение предмета=Ak-47
2024-12-07 12:33:54,807 darkfos  MARKET: Получение предмета=Ak-47
2024-12-07 12:37:31,012 darkfos  CSMONEY: Получение предмета = Glock-18
2024-12-07 17:11:17,914 darkfos  CSMONEY: Получение предмета = Дух воды
2024-12-07 17:11:29,981 darkfos  CSMONEY: Получение предмета = Glock-18
2024-12-07 17:12:40,063 darkfos  CSMONEY: Получение предмета = Glock-18
2024-12-07 17:13:01,028 darkfos  CSMONEY: Получение предмета = Glock-18
2024-12-07 17:15:04,789 darkfos  CSMONEY: Получение предмета = Glock-18
2024-12-07 17:18:01,419 darkfos  CSMONEY: Получение предмета = Glock18
2024-12-07 17:18:17,864 darkfos  MARKET: Получение предмета=Дух воды
2024-12-07 17:18:49,766 darkfos  MARKET: Получение предмета=Дух воды
2024-12-07 17:18:52,124 darkfos  MARKET: Получение предмета=Дух воды
2024-12-07 17:19:19,414 darkfos  MARKET: Получение предмета=Дух воды
2024-12-07 17:19:36,754 darkfos  MARKET: Получение предмета=Дух воды
2024-12-07 17:21:12,607 darkfos  MARKET: Получение предмета=Дух воды
2024-12-07 17:21:14,575 darkfos  MARKET: Получение предмета=Дух воды
2024-12-07 17:21:30,378 darkfos  MARKET: Получение предмета=Дух воды
2024-12-07 17:21:59,123 darkfos  MARKET: Получение предмета=Дух воды
2024-12-07 17:23:27,122 darkfos  MARKET: Получение предмета=Дух воды
2024-12-07 17:23:29,067 darkfos  MARKET: Получение предмета=Дух воды
2024-12-07 17:23:29,994 darkfos  MARKET: Получение предмета=Дух воды
2024-12-07 17:23:30,670 darkfos  MARKET: Получение предмета=Дух воды
2024-12-08 22:43:05,265 darkfos  CSMONEY: Получение предмета = asd
2024-12-08 22:43:57,725 darkfos  CSMONEY: Получение предмета = asd
2024-12-08 23:08:51,413 darkfos  CSMONEY: Получение предмета = Дух воды
2024-12-08 23:08:59,625 darkfos  MARKET: Получение предмета=Дух воды
